<?xml version="1.0" encoding="UTF-8"?>
<!-- Generated by org.testng.reporters.JUnitReportReporter -->
<testsuite hostname="LAPTOP-Amit" failures="0" tests="4" name="com.crm.qa.testcases.LoginPageTest" time="56.351" errors="0" timestamp="2020-08-18T16:33:02 CDT" skipped="0">
  <testcase classname="com.crm.qa.testcases.LoginPageTest" name="loginPageTitleTest" time="11.193"/>
  <system-out/>
  <testcase classname="com.crm.qa.testcases.LoginPageTest" name="crmLogoImageTest" time="11.756"/>
  <system-out/>
  <testcase classname="com.crm.qa.testcases.LoginPageTest" name="validateLoginLinkTest" time="18.768"/>
  <system-out/>
  <testcase classname="com.crm.qa.testcases.LoginPageTest" name="validateSignUpLink" time="14.634"/>
  <system-out/>
</testsuite> <!-- com.crm.qa.testcases.LoginPageTest -->
