<?xml version="1.0" encoding="UTF-8"?>
<!-- Generated by org.testng.reporters.JUnitReportReporter -->
<testsuite hostname="LAPTOP-Amit" failures="0" tests="2" name="com.crm.qa.testcases.LoginCredentialsPageTest" time="37.066" errors="0" timestamp="2020-08-18T16:33:02 CDT" skipped="0">
  <testcase classname="com.crm.qa.testcases.LoginCredentialsPageTest" name="validateLoginCredentialsPageTitleTest" time="14.210"/>
  <system-out/>
  <testcase classname="com.crm.qa.testcases.LoginCredentialsPageTest" name="validateLoginCredentialsTest" time="22.856"/>
  <system-out/>
</testsuite> <!-- com.crm.qa.testcases.LoginCredentialsPageTest -->
