<?xml version="1.0" encoding="UTF-8"?>
<!-- Generated by org.testng.reporters.JUnitReportReporter -->
<testsuite hostname="LAPTOP-Amit" failures="0" tests="6" name="com.crm.qa.testcases.HomePageTest" time="117.389" errors="0" timestamp="2020-08-18T16:33:02 CDT" skipped="0">
  <testcase classname="com.crm.qa.testcases.HomePageTest" name="validateUserLabelTest" time="17.934"/>
  <system-out/>
  <testcase classname="com.crm.qa.testcases.HomePageTest" name="validatecalendarLinkTest" time="19.106"/>
  <system-out/>
  <testcase classname="com.crm.qa.testcases.HomePageTest" name="validateContactsLinkTest" time="19.836"/>
  <system-out/>
  <testcase classname="com.crm.qa.testcases.HomePageTest" name="validateCompaniesLinkTest" time="21.906"/>
  <system-out/>
  <testcase classname="com.crm.qa.testcases.HomePageTest" name="validateDealsLinkTest" time="20.612"/>
  <system-out/>
  <testcase classname="com.crm.qa.testcases.HomePageTest" name="validateTasksLinkTest" time="17.995"/>
  <system-out/>
</testsuite> <!-- com.crm.qa.testcases.HomePageTest -->
