<?xml version="1.0" encoding="UTF-8"?>
<!-- Generated by org.testng.reporters.JUnitReportReporter -->
<testsuite hostname="LAPTOP-Amit" failures="0" tests="2" name="com.crm.qa.testcases.ContactsPageTest" time="51.961" errors="0" timestamp="2020-08-18T16:33:02 CDT" skipped="0">
  <testcase classname="com.crm.qa.testcases.ContactsPageTest" name="validateContactsLabelTest" time="21.545"/>
  <system-out/>
  <testcase classname="com.crm.qa.testcases.ContactsPageTest" name="validateCreateNewContact" time="30.416"/>
  <system-out/>
</testsuite> <!-- com.crm.qa.testcases.ContactsPageTest -->
