<?xml version="1.0" encoding="UTF-8"?>
<!-- Generated by org.testng.reporters.JUnitReportReporter -->
<testsuite hostname="LAPTOP-Amit" failures="0" tests="4" name="com.crm.qa.testcases.LoginPageTest" time="103.976" errors="0" timestamp="2020-08-20T15:07:14 CDT" skipped="0">
  <testcase classname="com.crm.qa.testcases.LoginPageTest" name="loginPageTitleTest" time="21.645"/>
  <system-out/>
  <testcase classname="com.crm.qa.testcases.LoginPageTest" name="crmLogoImageTest" time="31.293"/>
  <system-out/>
  <testcase classname="com.crm.qa.testcases.LoginPageTest" name="validateLoginLinkTest" time="26.172"/>
  <system-out/>
  <testcase classname="com.crm.qa.testcases.LoginPageTest" name="validateSignUpLink" time="24.866"/>
  <system-out/>
</testsuite> <!-- com.crm.qa.testcases.LoginPageTest -->
