<?xml version="1.0" encoding="UTF-8"?>
<!-- Generated by org.testng.reporters.JUnitReportReporter -->
<testsuite hostname="LAPTOP-Amit" failures="0" tests="2" name="com.crm.qa.testcases.LoginCredentialsPageTest" time="81.973" errors="0" timestamp="2020-08-20T15:07:14 CDT" skipped="0">
  <testcase classname="com.crm.qa.testcases.LoginCredentialsPageTest" name="validateLoginCredentialsPageTitleTest" time="26.303"/>
  <system-out/>
  <testcase classname="com.crm.qa.testcases.LoginCredentialsPageTest" name="validateLoginCredentialsTest" time="55.670"/>
  <system-out/>
</testsuite> <!-- com.crm.qa.testcases.LoginCredentialsPageTest -->
