<?xml version="1.0" encoding="UTF-8"?>
<!-- Generated by org.testng.reporters.JUnitReportReporter -->
<testsuite hostname="LAPTOP-Amit" failures="0" tests="6" name="com.crm.qa.testcases.HomePageTest" time="388.110" errors="0" timestamp="2020-08-20T15:07:14 CDT" skipped="0">
  <testcase classname="com.crm.qa.testcases.HomePageTest" name="validateUserLabelTest" time="65.848"/>
  <system-out/>
  <testcase classname="com.crm.qa.testcases.HomePageTest" name="validatecalendarLinkTest" time="62.856"/>
  <system-out/>
  <testcase classname="com.crm.qa.testcases.HomePageTest" name="validateContactsLinkTest" time="61.443"/>
  <system-out/>
  <testcase classname="com.crm.qa.testcases.HomePageTest" name="validateCompaniesLinkTest" time="69.806"/>
  <system-out/>
  <testcase classname="com.crm.qa.testcases.HomePageTest" name="validateDealsLinkTest" time="62.814"/>
  <system-out/>
  <testcase classname="com.crm.qa.testcases.HomePageTest" name="validateTasksLinkTest" time="65.343"/>
  <system-out/>
</testsuite> <!-- com.crm.qa.testcases.HomePageTest -->
